<?xml version="1.0" encoding="UTF-8"?>
<!-- Generated by org.testng.reporters.JUnitReportReporter -->
<testsuite hostname="DESKTOP-U691P5C" failures="0" tests="10" name="com.truboardpartners.testClasses.SmokePath" time="890.682" errors="0" timestamp="2024-03-15T14:35:35 IST" skipped="0">
  <testcase classname="com.truboardpartners.testClasses.SmokePath" name="approveInvester_RFA" time="99.708"/>
  <system-out/>
  <testcase classname="com.truboardpartners.testClasses.SmokePath" name="approveDT_RFA" time="82.453"/>
  <system-out/>
  <testcase classname="com.truboardpartners.testClasses.SmokePath" name="validationOnApprovedNOC" time="73.773"/>
  <system-out/>
  <testcase classname="com.truboardpartners.testClasses.SmokePath" name="finalNocTest" time="95.137"/>
  <system-out/>
  <testcase classname="com.truboardpartners.testClasses.SmokePath" name="pmcUpdate" time="79.201"/>
  <system-out/>
  <testcase classname="com.truboardpartners.testClasses.SmokePath" name="develTest" time="115.741"/>
  <system-out/>
  <testcase classname="com.truboardpartners.testClasses.SmokePath" name="approvePMC_FinalNoc" time="87.545"/>
  <system-out/>
  <testcase classname="com.truboardpartners.testClasses.SmokePath" name="approveInvester_FinalNoc" time="94.354"/>
  <system-out/>
  <testcase classname="com.truboardpartners.testClasses.SmokePath" name="approveDT_FinalNoc" time="87.010"/>
  <system-out/>
  <testcase classname="com.truboardpartners.testClasses.SmokePath" name="validationOnApprovedFinalNOC" time="75.760"/>
  <system-out/>
</testsuite> <!-- com.truboardpartners.testClasses.SmokePath -->
