<?xml version="1.0" encoding="UTF-8"?>
<!-- Generated by org.testng.reporters.JUnitReportReporter -->
<testsuite hostname="DESKTOP-6KLV0L6" failures="0" tests="4" name="com.truboardpartners.classes.LogoTest" time="105.851" errors="0" timestamp="2023-12-14T12:38:17 IST" skipped="0">
  <testcase classname="com.truboardpartners.classes.LogoTest" name="logoTest_PMC" time="25.886"/>
  <system-out/>
  <testcase classname="com.truboardpartners.classes.LogoTest" name="logoTest_Developer" time="25.844"/>
  <system-out/>
  <testcase classname="com.truboardpartners.classes.LogoTest" name="logoTest_Debenture" time="27.237"/>
  <system-out/>
  <testcase classname="com.truboardpartners.classes.LogoTest" name="logoTest_Investor" time="26.884"/>
  <system-out/>
</testsuite> <!-- com.truboardpartners.classes.LogoTest -->
