<?xml version="1.0" encoding="UTF-8"?>
<!-- Generated by org.testng.reporters.JUnitReportReporter -->
<testsuite hostname="DESKTOP-U691P5C" failures="0" tests="4" name="com.truboardpartners.testClasses.AR_Test" time="440.513" errors="0" timestamp="2024-01-09T13:10:26 IST" skipped="0">
  <testcase classname="com.truboardpartners.testClasses.AR_Test" name="raiseNOCRequest" time="156.524"/>
  <system-out/>
  <testcase classname="com.truboardpartners.testClasses.AR_Test" name="approvePMC_RFA" time="80.105"/>
  <system-out/>
  <testcase classname="com.truboardpartners.testClasses.AR_Test" name="InvesterRejectRequst" time="75.638"/>
  <system-out/>
  <testcase classname="com.truboardpartners.testClasses.AR_Test" name="verificationReject" time="128.246"/>
  <system-out/>
</testsuite> <!-- com.truboardpartners.testClasses.AR_Test -->
