<?xml version="1.0" encoding="UTF-8"?>
<!-- Generated by org.testng.reporters.JUnitReportReporter -->
<testsuite hostname="DESKTOP-6KLV0L6" failures="0" tests="6" name="com.truboardpartners.classes.RH_FinalNoc" time="500.808" errors="0" timestamp="2024-01-03T13:10:04 IST" skipped="0">
  <testcase classname="com.truboardpartners.classes.RH_FinalNoc" name="finalNocTest" time="90.917"/>
  <system-out/>
  <testcase classname="com.truboardpartners.classes.RH_FinalNoc" name="pmcUpdate" time="64.295"/>
  <system-out/>
  <testcase classname="com.truboardpartners.classes.RH_FinalNoc" name="develTest" time="120.414"/>
  <system-out/>
  <testcase classname="com.truboardpartners.classes.RH_FinalNoc" name="pmcRejectRequst" time="77.647"/>
  <system-out/>
  <testcase classname="com.truboardpartners.classes.RH_FinalNoc" name="holdInvester_RFA" time="72.818"/>
  <system-out/>
  <testcase classname="com.truboardpartners.classes.RH_FinalNoc" name="validationOnHoldNocRequest" time="74.717"/>
  <system-out/>
</testsuite> <!-- com.truboardpartners.classes.RH_FinalNoc -->
