<?xml version="1.0" encoding="UTF-8"?>
<!-- Generated by org.testng.reporters.JUnitReportReporter -->
<testsuite hostname="DESKTOP-U691P5C" failures="0" tests="7" name="com.truboardpartners.classes.AAH_FinalNoc" time="629.295" errors="0" timestamp="2024-03-11T11:31:28 IST" skipped="0">
  <testcase classname="com.truboardpartners.classes.AAH_FinalNoc" name="finalNocTest" time="89.039"/>
  <system-out/>
  <testcase classname="com.truboardpartners.classes.AAH_FinalNoc" name="pmcUpdate" time="83.032"/>
  <system-out/>
  <testcase classname="com.truboardpartners.classes.AAH_FinalNoc" name="develTest" time="119.047"/>
  <system-out/>
  <testcase classname="com.truboardpartners.classes.AAH_FinalNoc" name="approvePMC_RFA" time="84.207"/>
  <system-out/>
  <testcase classname="com.truboardpartners.classes.AAH_FinalNoc" name="approveInvester_RFA" time="108.438"/>
  <system-out/>
  <testcase classname="com.truboardpartners.classes.AAH_FinalNoc" name="holdDT_RFA" time="70.919"/>
  <system-out/>
  <testcase classname="com.truboardpartners.classes.AAH_FinalNoc" name="validationOnHoldNocRequest" time="74.613"/>
  <system-out/>
</testsuite> <!-- com.truboardpartners.classes.AAH_FinalNoc -->
