<?xml version="1.0" encoding="UTF-8"?>
<!-- Generated by org.testng.reporters.JUnitReportReporter -->
<testsuite hostname="DESKTOP-U691P5C" failures="0" tests="5" name="com.truboardpartners.testClasses.RAR_Test" time="498.622" errors="0" timestamp="2024-01-11T12:39:43 IST" skipped="0">
  <testcase classname="com.truboardpartners.testClasses.RAR_Test" name="raiseNOCRequest" time="149.848"/>
  <system-out/>
  <testcase classname="com.truboardpartners.testClasses.RAR_Test" name="pmcRejectRequst" time="77.004"/>
  <system-out/>
  <testcase classname="com.truboardpartners.testClasses.RAR_Test" name="approveInvester_RFA" time="90.632"/>
  <system-out/>
  <testcase classname="com.truboardpartners.testClasses.RAR_Test" name="rejectDT_RFA" time="63.588"/>
  <system-out/>
  <testcase classname="com.truboardpartners.testClasses.RAR_Test" name="verificationReject" time="117.550"/>
  <system-out/>
</testsuite> <!-- com.truboardpartners.testClasses.RAR_Test -->
