<?xml version="1.0" encoding="UTF-8"?>
<!-- Generated by org.testng.reporters.JUnitReportReporter -->
<testsuite hostname="DESKTOP-6KLV0L6" failures="0" tests="1" name="com.truboardpartners.classes.Sample" time="133.397" errors="0" timestamp="2023-12-21T15:11:06 IST" skipped="0">
  <testcase classname="com.truboardpartners.classes.Sample" name="m" time="133.397"/>
  <system-out/>
</testsuite> <!-- com.truboardpartners.classes.Sample -->
