<?xml version="1.0" encoding="UTF-8"?>
<!-- Generated by org.testng.reporters.JUnitReportReporter -->
<testsuite hostname="DESKTOP-U691P5C" failures="0" tests="5" name="com.truboardpartners.testClasses.RAH_Test" time="446.456" errors="0" timestamp="2024-01-11T12:27:20 IST" skipped="0">
  <testcase classname="com.truboardpartners.testClasses.RAH_Test" name="raiseNOCRequest" time="150.394"/>
  <system-out/>
  <testcase classname="com.truboardpartners.testClasses.RAH_Test" name="pmcRejectRequst" time="81.875"/>
  <system-out/>
  <testcase classname="com.truboardpartners.testClasses.RAH_Test" name="approveInvester_RFA" time="89.425"/>
  <system-out/>
  <testcase classname="com.truboardpartners.testClasses.RAH_Test" name="holdDT_RFA" time="68.271"/>
  <system-out/>
  <testcase classname="com.truboardpartners.testClasses.RAH_Test" name="validationOnHoldNocRequest" time="56.491"/>
  <system-out/>
</testsuite> <!-- com.truboardpartners.testClasses.RAH_Test -->
