<?xml version="1.0" encoding="UTF-8"?>
<!-- Generated by org.testng.reporters.JUnitReportReporter -->
<testsuite hostname="DESKTOP-U691P5C" failures="0" tests="1" name="com.truboardpartners.testClasses.Pmc_ProjectSetup" time="272.996" errors="0" timestamp="2024-03-15T11:02:57 IST" skipped="0">
  <testcase classname="com.truboardpartners.testClasses.Pmc_ProjectSetup" name="projectSetupPMC_RFA" time="272.996"/>
  <system-out/>
</testsuite> <!-- com.truboardpartners.testClasses.Pmc_ProjectSetup -->
