<?xml version="1.0" encoding="UTF-8"?>
<!-- Generated by org.testng.reporters.JUnitReportReporter -->
<testsuite hostname="DESKTOP-U691P5C" failures="0" tests="5" name="com.truboardpartners.testClasses.AAH_Test" time="519.307" errors="0" timestamp="2024-03-07T09:53:49 IST" skipped="0">
  <testcase classname="com.truboardpartners.testClasses.AAH_Test" name="raiseNOCRequest" time="156.232"/>
  <system-out/>
  <testcase classname="com.truboardpartners.testClasses.AAH_Test" name="approvePMC_RFA" time="90.149"/>
  <system-out/>
  <testcase classname="com.truboardpartners.testClasses.AAH_Test" name="approveInvester_RFA" time="113.051"/>
  <system-out/>
  <testcase classname="com.truboardpartners.testClasses.AAH_Test" name="holdDT_RFA" time="81.527"/>
  <system-out/>
  <testcase classname="com.truboardpartners.testClasses.AAH_Test" name="validationOnHoldNocRequest" time="78.348"/>
  <system-out/>
</testsuite> <!-- com.truboardpartners.testClasses.AAH_Test -->
