<?xml version="1.0" encoding="UTF-8"?>
<!-- Generated by org.testng.reporters.JUnitReportReporter -->
<testsuite hostname="DESKTOP-6KLV0L6" failures="0" tests="4" name="com.truboardpartners.testClasses.HR_Test" time="419.406" errors="0" timestamp="2023-12-23T14:15:57 IST" skipped="0">
  <testcase classname="com.truboardpartners.testClasses.HR_Test" name="raiseNOCRequest" time="156.593"/>
  <system-out/>
  <testcase classname="com.truboardpartners.testClasses.HR_Test" name="holdPMC_RFA" time="72.345"/>
  <system-out/>
  <testcase classname="com.truboardpartners.testClasses.HR_Test" name="InvesterRejectRequst" time="66.289"/>
  <system-out/>
  <testcase classname="com.truboardpartners.testClasses.HR_Test" name="verificationReject" time="124.179"/>
  <system-out/>
</testsuite> <!-- com.truboardpartners.testClasses.HR_Test -->
