<?xml version="1.0" encoding="UTF-8"?>
<!-- Generated by org.testng.reporters.JUnitReportReporter -->
<testsuite hostname="DESKTOP-U691P5C" failures="0" tests="1" name="com.truboardpartners.testClasses.Developer_PageSetUp_Test" time="280.553" errors="0" timestamp="2024-02-15T12:41:23 IST" skipped="0">
  <testcase classname="com.truboardpartners.testClasses.Developer_PageSetUp_Test" name="raiseNOCRequest" time="280.553"/>
  <system-out/>
</testsuite> <!-- com.truboardpartners.testClasses.Developer_PageSetUp_Test -->
