<?xml version="1.0" encoding="UTF-8"?>
<!-- Generated by org.testng.reporters.JUnitReportReporter -->
<testsuite hostname="DESKTOP-6KLV0L6" failures="0" tests="4" name="com.truboardpartners.testClasses.HAA_Test" time="311.483" errors="0" timestamp="2023-12-28T14:34:16 IST" skipped="0">
  <testcase classname="com.truboardpartners.testClasses.HAA_Test" name="holdPMC_RFA" time="73.467"/>
  <system-out/>
  <testcase classname="com.truboardpartners.testClasses.HAA_Test" name="approveInvester_RFA" time="86.849"/>
  <system-out/>
  <testcase classname="com.truboardpartners.testClasses.HAA_Test" name="approveDT_RFA" time="81.329"/>
  <system-out/>
  <testcase classname="com.truboardpartners.testClasses.HAA_Test" name="validationOnApprovedNOC" time="69.838"/>
  <system-out/>
</testsuite> <!-- com.truboardpartners.testClasses.HAA_Test -->
