<?xml version="1.0" encoding="UTF-8"?>
<!-- Generated by org.testng.reporters.JUnitReportReporter -->
<testsuite hostname="DESKTOP-6KLV0L6" failures="0" tests="1" name="com.truboardpartners.testClasses.CancelNoc_Test" time="71.990" errors="0" timestamp="2023-12-20T15:25:03 IST" skipped="0">
  <testcase classname="com.truboardpartners.testClasses.CancelNoc_Test" name="cancelNOCByDeveloper" time="71.990"/>
  <system-out/>
</testsuite> <!-- com.truboardpartners.testClasses.CancelNoc_Test -->
