<?xml version="1.0" encoding="UTF-8"?>
<!-- Generated by org.testng.reporters.JUnitReportReporter -->
<testsuite hostname="DESKTOP-6KLV0L6" failures="0" tests="7" name="com.truboardpartners.classes.HAA_FinalNoc" time="595.271" errors="0" timestamp="2023-12-27T15:44:05 IST" skipped="0">
  <testcase classname="com.truboardpartners.classes.HAA_FinalNoc" name="finalNocTest" time="94.043"/>
  <system-out/>
  <testcase classname="com.truboardpartners.classes.HAA_FinalNoc" name="pmcUpdate" time="63.056"/>
  <system-out/>
  <testcase classname="com.truboardpartners.classes.HAA_FinalNoc" name="develTest" time="121.806"/>
  <system-out/>
  <testcase classname="com.truboardpartners.classes.HAA_FinalNoc" name="holdPMC_RFA" time="71.326"/>
  <system-out/>
  <testcase classname="com.truboardpartners.classes.HAA_FinalNoc" name="approveInvester_RFA" time="93.504"/>
  <system-out/>
  <testcase classname="com.truboardpartners.classes.HAA_FinalNoc" name="approveDT_RFA" time="81.383"/>
  <system-out/>
  <testcase classname="com.truboardpartners.classes.HAA_FinalNoc" name="validationOnApprovedNOC" time="70.153"/>
  <system-out/>
</testsuite> <!-- com.truboardpartners.classes.HAA_FinalNoc -->
