<?xml version="1.0" encoding="UTF-8"?>
<!-- Generated by org.testng.reporters.JUnitReportReporter -->
<testsuite hostname="DESKTOP-6KLV0L6" failures="0" tests="1" name="com.truboardpartners.classes.FinalNoc" time="70.037" errors="0" timestamp="2023-12-26T15:49:32 IST" skipped="0">
  <testcase classname="com.truboardpartners.classes.FinalNoc" name="validationOnApprovedNOC" time="70.037"/>
  <system-out/>
</testsuite> <!-- com.truboardpartners.classes.FinalNoc -->
