<?xml version="1.0" encoding="UTF-8"?>
<!-- Generated by org.testng.reporters.JUnitReportReporter -->
<testsuite hostname="DESKTOP-6KLV0L6" failures="0" tests="1" name="com.truboardpartners.classes.time" time="0.032" errors="0" timestamp="2023-12-14T16:58:25 IST" skipped="0">
  <testcase classname="com.truboardpartners.classes.time" name="m" time="0.032"/>
  <system-out/>
</testsuite> <!-- com.truboardpartners.classes.time -->
