<?xml version="1.0" encoding="UTF-8"?>
<!-- Generated by org.testng.reporters.JUnitReportReporter -->
<testsuite hostname="DESKTOP-U691P5C" failures="0" tests="1" name="com.truboardpartners.classes.TimeMethodRunnerTest" time="0.154" errors="0" timestamp="2024-01-08T17:57:50 IST" skipped="0">
  <testcase classname="com.truboardpartners.classes.TimeMethodRunnerTest" name="callingDateTimeTest" time="0.154"/>
  <system-out/>
</testsuite> <!-- com.truboardpartners.classes.TimeMethodRunnerTest -->
