<?xml version="1.0" encoding="UTF-8"?>
<!-- Generated by org.testng.reporters.JUnitReportReporter -->
<testsuite hostname="DESKTOP-U691P5C" failures="0" tests="5" name="com.truboardpartners.testClasses.AAR_Test" time="539.269" errors="0" timestamp="2024-03-12T11:46:37 IST" skipped="0">
  <testcase classname="com.truboardpartners.testClasses.AAR_Test" name="raiseNOCRequest" time="154.569"/>
  <system-out/>
  <testcase classname="com.truboardpartners.testClasses.AAR_Test" name="approvePMC_RFA" time="85.027"/>
  <system-out/>
  <testcase classname="com.truboardpartners.testClasses.AAR_Test" name="approveInvester_RFA" time="102.820"/>
  <system-out/>
  <testcase classname="com.truboardpartners.testClasses.AAR_Test" name="rejectDT_RFA" time="73.961"/>
  <system-out/>
  <testcase classname="com.truboardpartners.testClasses.AAR_Test" name="verificationReject" time="122.892"/>
  <system-out/>
</testsuite> <!-- com.truboardpartners.testClasses.AAR_Test -->
