<?xml version="1.0" encoding="UTF-8"?>
<!-- Generated by org.testng.reporters.JUnitReportReporter -->
<testsuite hostname="DESKTOP-6KLV0L6" failures="0" tests="1" name="com.truboardpartners.classes.AR_FinalNoc" time="117.332" errors="0" timestamp="2023-12-26T16:53:15 IST" skipped="0">
  <testcase classname="com.truboardpartners.classes.AR_FinalNoc" name="verificationReject" time="117.332"/>
  <system-out/>
</testsuite> <!-- com.truboardpartners.classes.AR_FinalNoc -->
