<?xml version="1.0" encoding="UTF-8"?>
<!-- Generated by org.testng.reporters.JUnitReportReporter -->
<testsuite hostname="DESKTOP-U691P5C" failures="0" tests="1" name="com.truboardpartners.testClasses.DeveloperWithDraw_Test" time="79.303" errors="0" timestamp="2024-03-12T15:31:42 IST" skipped="0">
  <testcase classname="com.truboardpartners.testClasses.DeveloperWithDraw_Test" name="withDrawNOCRequest" time="79.303"/>
  <system-out/>
</testsuite> <!-- com.truboardpartners.testClasses.DeveloperWithDraw_Test -->
