<?xml version="1.0" encoding="UTF-8"?>
<!-- Generated by org.testng.reporters.JUnitReportReporter -->
<testsuite hostname="DESKTOP-U691P5C" failures="0" tests="2" name="com.truboardpartners.testClasses.CCC_Test" time="125.202" errors="0" timestamp="2024-03-11T12:15:30 IST" skipped="0">
  <testcase classname="com.truboardpartners.testClasses.CCC_Test" name="cancelNocByDebenture" time="56.949"/>
  <system-out/>
  <testcase classname="com.truboardpartners.testClasses.CCC_Test" name="validationOnCancelledNOC" time="68.253"/>
  <system-out/>
</testsuite> <!-- com.truboardpartners.testClasses.CCC_Test -->
