<?xml version="1.0" encoding="UTF-8"?>
<!-- Generated by org.testng.reporters.JUnitReportReporter -->
<testsuite hostname="DESKTOP-6KLV0L6" failures="0" tests="4" name="com.truboardpartners.testClasses.RR_Test" time="406.668" errors="0" timestamp="2023-12-23T13:21:24 IST" skipped="0">
  <testcase classname="com.truboardpartners.testClasses.RR_Test" name="raiseNOCRequest" time="151.930"/>
  <system-out/>
  <testcase classname="com.truboardpartners.testClasses.RR_Test" name="pmcRejectRequst" time="73.725"/>
  <system-out/>
  <testcase classname="com.truboardpartners.testClasses.RR_Test" name="InvesterRejectRequst" time="61.951"/>
  <system-out/>
  <testcase classname="com.truboardpartners.testClasses.RR_Test" name="verificationReject" time="119.062"/>
  <system-out/>
</testsuite> <!-- com.truboardpartners.testClasses.RR_Test -->
