<?xml version="1.0" encoding="UTF-8"?>
<!-- Generated by org.testng.reporters.JUnitReportReporter -->
<testsuite hostname="DESKTOP-U691P5C" failures="0" tests="1" name="com.truboardpartners.testClasses.Investor_ProjectSetUp" time="288.070" errors="0" timestamp="2024-03-01T18:00:58 IST" skipped="0">
  <testcase classname="com.truboardpartners.testClasses.Investor_ProjectSetUp" name="workFlow_PMC" time="288.070"/>
  <system-out/>
</testsuite> <!-- com.truboardpartners.testClasses.Investor_ProjectSetUp -->
