<?xml version="1.0" encoding="UTF-8"?>
<!-- Generated by org.testng.reporters.JUnitReportReporter -->
<testsuite hostname="DESKTOP-6KLV0L6" failures="0" tests="6" name="com.truboardpartners.classes.AH_FinalNoc" time="481.887" errors="0" timestamp="2023-12-27T10:58:47 IST" skipped="0">
  <testcase classname="com.truboardpartners.classes.AH_FinalNoc" name="finalNocTest" time="90.376"/>
  <system-out/>
  <testcase classname="com.truboardpartners.classes.AH_FinalNoc" name="pmcUpdate" time="63.281"/>
  <system-out/>
  <testcase classname="com.truboardpartners.classes.AH_FinalNoc" name="develTest" time="119.810"/>
  <system-out/>
  <testcase classname="com.truboardpartners.classes.AH_FinalNoc" name="approvePMC_RFA" time="65.747"/>
  <system-out/>
  <testcase classname="com.truboardpartners.classes.AH_FinalNoc" name="holdInvester_RFA" time="74.231"/>
  <system-out/>
  <testcase classname="com.truboardpartners.classes.AH_FinalNoc" name="validationOnHoldNocRequest" time="68.442"/>
  <system-out/>
</testsuite> <!-- com.truboardpartners.classes.AH_FinalNoc -->
