<?xml version="1.0" encoding="UTF-8"?>
<!-- Generated by org.testng.reporters.JUnitReportReporter -->
<testsuite hostname="DESKTOP-6KLV0L6" failures="0" tests="3" name="com.truboardpartners.testClasses.AH_Test" time="277.500" errors="0" timestamp="2023-12-07T13:41:16 IST" skipped="0">
  <testcase classname="com.truboardpartners.testClasses.AH_Test" name="raiseNOCRequest" time="151.723"/>
  <system-out/>
  <testcase classname="com.truboardpartners.testClasses.AH_Test" name="approvePMC_RFA" time="57.969"/>
  <system-out/>
  <testcase classname="com.truboardpartners.testClasses.AH_Test" name="holdInvester_RFA" time="67.808"/>
  <system-out/>
</testsuite> <!-- com.truboardpartners.testClasses.AH_Test -->
