<?xml version="1.0" encoding="UTF-8"?>
<!-- Generated by org.testng.reporters.JUnitReportReporter -->
<testsuite hostname="DESKTOP-U691P5C" failures="0" tests="4" name="com.truboardpartners.testClasses.HH_Test" time="396.028" errors="0" timestamp="2024-03-07T10:19:19 IST" skipped="0">
  <testcase classname="com.truboardpartners.testClasses.HH_Test" name="raiseNOCRequest" time="146.734"/>
  <system-out/>
  <testcase classname="com.truboardpartners.testClasses.HH_Test" name="holdPMC_RFA" time="90.054"/>
  <system-out/>
  <testcase classname="com.truboardpartners.testClasses.HH_Test" name="holdInvester_RFA" time="87.416"/>
  <system-out/>
  <testcase classname="com.truboardpartners.testClasses.HH_Test" name="validationOnHoldNocRequest" time="71.824"/>
  <system-out/>
</testsuite> <!-- com.truboardpartners.testClasses.HH_Test -->
