<?xml version="1.0" encoding="UTF-8"?>
<!-- Generated by org.testng.reporters.JUnitReportReporter -->
<testsuite hostname="DESKTOP-U691P5C" failures="0" tests="1" name="com.truboardpartners.testClasses.DeveloperNOCRequest_TestCase" time="158.250" errors="0" timestamp="2024-01-11T11:55:37 IST" skipped="0">
  <testcase classname="com.truboardpartners.testClasses.DeveloperNOCRequest_TestCase" name="raiseNOCRequest" time="158.250"/>
  <system-out/>
</testsuite> <!-- com.truboardpartners.testClasses.DeveloperNOCRequest_TestCase -->
