<?xml version="1.0" encoding="UTF-8"?>
<!-- Generated by org.testng.reporters.JUnitReportReporter -->
<testsuite hostname="DESKTOP-6KLV0L6" failures="0" tests="1" name="com.truboardpartners.testClasses.RH_Test" time="58.567" errors="0" timestamp="2023-12-23T20:17:34 IST" skipped="0">
  <testcase classname="com.truboardpartners.testClasses.RH_Test" name="validationOnHoldNocRequest" time="58.567"/>
  <system-out/>
</testsuite> <!-- com.truboardpartners.testClasses.RH_Test -->
